<?xml version="1.0" encoding="UTF-8"?>
<!-- Generated by org.testng.reporters.JUnitReportReporter -->
<testsuite hostname="Radhagobinda" failures="0" tests="1" name="testscripts.tc1" time="51.238" errors="0" timestamp="2024-03-30T12:28:17 IST" skipped="0">
  <testcase classname="testscripts.tc1" name="tc1" time="51.238"/>
  <system-out>
    <![CDATA[Profile | Mynaukri]]>
  </system-out>
</testsuite> <!-- testscripts.tc1 -->
