<?xml version="1.0" encoding="UTF-8"?>
<!-- Generated by org.testng.reporters.JUnitReportReporter -->
<testsuite hostname="Radhagobinda" failures="0" tests="1" name="testscripts.tc1" time="11.723" errors="0" timestamp="2024-02-28T04:27:07 IST" skipped="0">
  <testcase classname="testscripts.tc1" name="tc1" time="11.723"/>
  <system-out>
    <![CDATA[Profile | Mynaukri]]>
  </system-out>
</testsuite> <!-- testscripts.tc1 -->
