<?xml version="1.0" encoding="UTF-8"?>
<!-- Generated by org.testng.reporters.JUnitReportReporter -->
<testsuite hostname="Radhagobinda" failures="0" tests="3" name="testscripts.tc1" time="148.214" errors="0" timestamp="2024-03-18T06:49:34 IST" skipped="0">
  <testcase classname="testscripts.tc1" name="tc1" time="49.350"/>
  <system-out>
    <![CDATA[Profile | Mynaukri]]>
  </system-out>
  <testcase classname="testscripts.tc1" name="tc1" time="46.996"/>
  <system-out>
    <![CDATA[Profile | Mynaukri]]>
  </system-out>
  <testcase classname="testscripts.tc1" name="tc1" time="51.868"/>
  <system-out>
    <![CDATA[Profile | Mynaukri]]>
  </system-out>
</testsuite> <!-- testscripts.tc1 -->
