<?xml version="1.0" encoding="UTF-8"?>
<!-- Generated by org.testng.reporters.JUnitReportReporter -->
<testsuite hostname="Radhagobinda" failures="0" tests="3" name="testscripts.tc0" time="174.370" errors="0" timestamp="2024-03-18T06:49:34 IST" skipped="0">
  <testcase classname="testscripts.tc0" name="tc0" time="60.019"/>
  <system-out>
    <![CDATA[Home | Mynaukri]]>
  </system-out>
  <testcase classname="testscripts.tc0" name="tc0" time="56.268"/>
  <system-out>
    <![CDATA[Home | Mynaukri]]>
  </system-out>
  <testcase classname="testscripts.tc0" name="tc0" time="58.083"/>
  <system-out>
    <![CDATA[Home | Mynaukri]]>
  </system-out>
</testsuite> <!-- testscripts.tc0 -->
