<?xml version="1.0" encoding="UTF-8"?>
<!-- Generated by org.testng.reporters.JUnitReportReporter -->
<testsuite hostname="Radhagobinda" failures="0" tests="1" name="testscripts.tc0" time="54.244" errors="0" timestamp="2024-02-24T07:07:38 IST" skipped="0">
  <testcase classname="testscripts.tc0" name="tc0" time="54.244"/>
  <system-out>
    <![CDATA[Home | Mynaukri]]>
  </system-out>
</testsuite> <!-- testscripts.tc0 -->
