<?xml version="1.0" encoding="UTF-8"?>
<!-- Generated by org.testng.reporters.JUnitReportReporter -->
<testsuite hostname="Radhagobinda" failures="0" tests="3" name="testscripts.tc0" time="172.152" errors="0" timestamp="2024-03-22T04:41:41 IST" skipped="0">
  <testcase classname="testscripts.tc0" name="tc0" time="58.014"/>
  <system-out>
    <![CDATA[Home | Mynaukri]]>
  </system-out>
  <testcase classname="testscripts.tc0" name="tc0" time="55.027"/>
  <system-out>
    <![CDATA[Home | Mynaukri]]>
  </system-out>
  <testcase classname="testscripts.tc0" name="tc0" time="59.111"/>
  <system-out>
    <![CDATA[Home | Mynaukri]]>
  </system-out>
</testsuite> <!-- testscripts.tc0 -->
