<?xml version="1.0" encoding="UTF-8"?>
<!-- Generated by org.testng.reporters.JUnitReportReporter -->
<testsuite hostname="Radhagobinda" failures="0" tests="3" name="testscripts.tc1" time="147.892" errors="0" timestamp="2024-03-22T04:41:41 IST" skipped="0">
  <testcase classname="testscripts.tc1" name="tc1" time="49.284"/>
  <system-out>
    <![CDATA[Profile | Mynaukri]]>
  </system-out>
  <testcase classname="testscripts.tc1" name="tc1" time="49.256"/>
  <system-out>
    <![CDATA[Profile | Mynaukri]]>
  </system-out>
  <testcase classname="testscripts.tc1" name="tc1" time="49.352"/>
  <system-out>
    <![CDATA[Profile | Mynaukri]]>
  </system-out>
</testsuite> <!-- testscripts.tc1 -->
