<?xml version="1.0" encoding="UTF-8"?>
<!-- Generated by org.testng.reporters.JUnitReportReporter -->
<testsuite hostname="Radhagobinda" failures="0" tests="3" name="testscripts.tc0" time="171.277" errors="0" timestamp="2024-03-07T06:20:08 IST" skipped="0">
  <testcase classname="testscripts.tc0" name="tc0" time="57.645"/>
  <system-out>
    <![CDATA[Home | Mynaukri]]>
  </system-out>
  <testcase classname="testscripts.tc0" name="tc0" time="56.324"/>
  <system-out>
    <![CDATA[Home | Mynaukri]]>
  </system-out>
  <testcase classname="testscripts.tc0" name="tc0" time="57.308"/>
  <system-out>
    <![CDATA[Home | Mynaukri]]>
  </system-out>
</testsuite> <!-- testscripts.tc0 -->
