<?xml version="1.0" encoding="UTF-8"?>
<!-- Generated by org.testng.reporters.JUnitReportReporter -->
<testsuite hostname="Radhagobinda" failures="0" tests="3" name="testscripts.tc1" time="149.850" errors="0" timestamp="2024-03-25T14:51:12 IST" skipped="0">
  <testcase classname="testscripts.tc1" name="tc1" time="49.515"/>
  <system-out>
    <![CDATA[Profile | Mynaukri]]>
  </system-out>
  <testcase classname="testscripts.tc1" name="tc1" time="46.631"/>
  <system-out>
    <![CDATA[Profile | Mynaukri]]>
  </system-out>
  <testcase classname="testscripts.tc1" name="tc1" time="53.704"/>
  <system-out>
    <![CDATA[Profile | Mynaukri]]>
  </system-out>
</testsuite> <!-- testscripts.tc1 -->
