<?xml version="1.0" encoding="UTF-8"?>
<!-- Generated by org.testng.reporters.JUnitReportReporter -->
<testsuite hostname="Radhagobinda" failures="0" tests="1" name="testscripts.tc1" time="97.354" errors="0" timestamp="2024-12-24T22:15:20 IST" skipped="0">
  <testcase classname="testscripts.tc1" name="tc1" time="97.354">
    <system-out>
      <![CDATA[Profile | Mynaukri]]>
    </system-out>
  </testcase> <!-- tc1 -->
  <system-out>
    <![CDATA[Home | Mynaukri
Profile | Mynaukri]]>
  </system-out>
</testsuite> <!-- testscripts.tc1 -->
