<?xml version="1.0" encoding="UTF-8"?>
<!-- Generated by org.testng.reporters.JUnitReportReporter -->
<testsuite hostname="Radhagobinda" failures="0" tests="3" name="testscripts.tc0" time="176.068" errors="0" timestamp="2024-03-25T14:51:12 IST" skipped="0">
  <testcase classname="testscripts.tc0" name="tc0" time="56.595"/>
  <system-out>
    <![CDATA[Home | Mynaukri]]>
  </system-out>
  <testcase classname="testscripts.tc0" name="tc0" time="60.155"/>
  <system-out>
    <![CDATA[Home | Mynaukri]]>
  </system-out>
  <testcase classname="testscripts.tc0" name="tc0" time="59.318"/>
  <system-out>
    <![CDATA[Home | Mynaukri]]>
  </system-out>
</testsuite> <!-- testscripts.tc0 -->
