<?xml version="1.0" encoding="UTF-8"?>
<!-- Generated by org.testng.reporters.JUnitReportReporter -->
<testsuite hostname="Radhagobinda" failures="0" tests="1" name="testscripts.tc0" time="153.273" errors="0" timestamp="2024-04-28T15:56:26 IST" skipped="0">
  <testcase classname="testscripts.tc0" name="tc0" time="153.273">
    <system-out>
      <![CDATA[Home | Mynaukri]]>
    </system-out>
  </testcase> <!-- tc0 -->
  <system-out>
    <![CDATA[Home | Mynaukri
Profile | Mynaukri]]>
  </system-out>
</testsuite> <!-- testscripts.tc0 -->
