<?xml version="1.0" encoding="UTF-8"?>
<!-- Generated by org.testng.reporters.JUnitReportReporter -->
<testsuite hostname="Radhagobinda" failures="0" tests="2" name="testscripts.tc0" time="325.493" errors="0" timestamp="2025-01-03T22:54:22 IST" skipped="0">
  <testcase classname="testscripts.tc0" name="tc0" time="171.838">
    <system-out>
      <![CDATA[Home | Mynaukri]]>
    </system-out>
  </testcase> <!-- tc0 -->
  <testcase classname="testscripts.tc0" name="tc0" time="153.655">
    <system-out>
      <![CDATA[Home | Mynaukri]]>
    </system-out>
  </testcase> <!-- tc0 -->
  <system-out>
    <![CDATA[Home | Mynaukri
Home | Mynaukri
Profile | Mynaukri
Profile | Mynaukri]]>
  </system-out>
</testsuite> <!-- testscripts.tc0 -->
